2025-02-20T00:20:12.913018+0300 ERROR Ошибка регистрации
bcrypt: no backends available -- recommend you install one (e.g. 'pip install bcrypt')

2025-02-20T00:22:20.921812+0300 ERROR Ошибка регистрации
'NoneType' object has no attribute 'execute'

2025-02-20T00:22:20.921812+0300 ERROR Ошибка регистрации
'NoneType' object has no attribute 'execute'

2025-02-20T00:23:51.004973+0300 ERROR Ошибка регистрации
'NoneType' object has no attribute 'execute'

2025-02-20T00:25:18.538704+0300 ERROR Ошибка регистрации
module 'bcrypt' has no attribute 'hashpw'

2025-02-20T00:25:18.538704+0300 ERROR Ошибка регистрации
module 'bcrypt' has no attribute 'hashpw'

2025-02-20T00:26:43.330923+0300 ERROR Ошибка регистрации
'NoneType' object has no attribute 'execute'

2025-02-20T00:27:31.845393+0300 INFO Зарегистрирован пользователь: nik.som201@mail.ru

2025-02-20T00:27:31.845393+0300 INFO Зарегистрирован пользователь: nik.som201@mail.ru

2025-02-20T00:38:54.262235+0300 ERROR Ошибка входа
authenticate_user() got an unexpected keyword argument 'session'

2025-02-20T00:39:25.554663+0300 INFO Вошел пользователь: nik.som201@mail.ru

2025-02-20T00:39:25.554663+0300 INFO Вошел пользователь: nik.som201@mail.ru

2025-02-20T00:48:30.635041+0300 ERROR Ошибка регистрации
(sqlalchemy.dialects.postgresql.asyncpg.ProgrammingError) <class 'asyncpg.exceptions.UndefinedFunctionError'>: оператор не существует: bigint = text
HINT:  Оператор с данными именем и типами аргументов не найден. Возможно, вам следует добавить явные приведения типов.
[SQL: SELECT "user"._id 
FROM "user" JOIN referal_system ON "user"._id = referal_system.owner 
WHERE referal_system.name = $1::VARCHAR]
[parameters: ('codekakoito',)]
(Background on this error at: https://sqlalche.me/e/20/f405)

2025-02-20T00:49:30.655480+0300 INFO Зарегистрирован пользователь: nik.som203@gmail.com

2025-02-20T01:05:21.030539+0300 ERROR Ошибка получения рефералов
ReferalRepository.get_all_referals() missing 1 required positional argument: 'session'

2025-02-20T01:05:21.030539+0300 ERROR Ошибка получения рефералов
ReferalRepository.get_all_referals() missing 1 required positional argument: 'session'

2025-02-20T01:05:38.222740+0300 INFO Получены рефералы пользователя 1

2025-02-20T01:05:38.222740+0300 INFO Получены рефералы пользователя 1

2025-02-20T01:06:34.285529+0300 INFO Получены рефералы пользователя 1

2025-02-20T01:07:27.151081+0300 INFO Получены рефералы пользователя 1

2025-02-20T01:10:27.823474+0300 INFO Получены рефералы пользователя 1

2025-02-20T01:10:27.823474+0300 INFO Получены рефералы пользователя 1

2025-02-20T01:11:04.908626+0300 INFO Получены рефералы пользователя 1

2025-02-20T01:11:04.908626+0300 INFO Получены рефералы пользователя 1

2025-02-20T01:11:46.079379+0300 INFO Получены рефералы пользователя 1

2025-02-20T02:10:58.496301+0300 ERROR Ошибка регистрации
bcrypt: no backends available -- recommend you install one (e.g. 'pip install bcrypt')

2025-02-20T02:11:09.669498+0300 ERROR Ошибка регистрации
(sqlalchemy.dialects.postgresql.asyncpg.IntegrityError) <class 'asyncpg.exceptions.UniqueViolationError'>: повторяющееся значение ключа нарушает ограничение уникальности "user_pkey"
DETAIL:  Ключ "(_id)=(3)" уже существует.
[SQL: INSERT INTO "user" (referer, email, password) VALUES ($1::BIGINT, $2::VARCHAR, $3::VARCHAR) RETURNING "user"._id]
[parameters: (None, 'somekaka@mail.ru', '$2b$12$nPlvpKvdwA4BimbNvzO5JeeybXzpmfb93zOA9iphUxmsDnbMmvW8i')]
(Background on this error at: https://sqlalche.me/e/20/gkpj)

2025-02-20T02:11:17.650587+0300 INFO Зарегистрирован пользователь: somekakas@mail.ru

2025-02-20T02:11:17.650587+0300 INFO Зарегистрирован пользователь: somekakas@mail.ru

